app/build/intermediates/manifest_merge_blame_file/debug/manifest-merger-blame-debug-report.txt
1<?xml version="1.0" encoding="utf-8"?>
2<manifest xmlns:android="http://schemas.android.com/apk/res/android"
3    package="com.example.appchat"
4    android:versionCode="1"
5    android:versionName="1.0" >
6
7    <uses-sdk
8        android:minSdkVersion="22"
8-->src\main\AndroidManifest.xml
9        android:targetSdkVersion="28" />
9-->src\main\AndroidManifest.xml
10
11    <uses-permission android:name="android.permission.INTERNET" />
11-->src\main\AndroidManifest.xml:5:5-66
11-->src\main\AndroidManifest.xml:5:22-64
12    <uses-permission android:name="android.permission.CAMERA" />
12-->src\main\AndroidManifest.xml:6:5-65
12-->src\main\AndroidManifest.xml:6:22-62
13    <uses-permission android:name="android.permission.READ_EXTERNAL_STORAGE" />
13-->src\main\AndroidManifest.xml:7:5-79
13-->src\main\AndroidManifest.xml:7:22-77
14    <uses-permission android:name="android.permission.WRITE_EXTERNAL_STORAGE" />
14-->src\main\AndroidManifest.xml:8:5-80
14-->src\main\AndroidManifest.xml:8:22-78
15    <uses-permission android:name="android.permission.ACCESS_NETWORK_STATE" />
15-->[com.google.firebase:firebase-iid:19.0.1] AndroidManifest.xml:22:5-79
15-->[com.google.firebase:firebase-iid:19.0.1] AndroidManifest.xml:22:22-76
16    <uses-permission android:name="android.permission.WAKE_LOCK" /> <!-- Required by older versions of Google Play services to create IID tokens -->
16-->[com.google.firebase:firebase-iid:19.0.1] AndroidManifest.xml:24:5-68
16-->[com.google.firebase:firebase-iid:19.0.1] AndroidManifest.xml:24:22-65
17    <uses-permission android:name="com.google.android.c2dm.permission.RECEIVE" />
17-->[com.google.firebase:firebase-iid:19.0.1] AndroidManifest.xml:26:5-82
17-->[com.google.firebase:firebase-iid:19.0.1] AndroidManifest.xml:26:22-79
18
19    <application
<<<<<<< HEAD
19-->src/main/AndroidManifest.xml:10:5-32:19
=======
19-->src\main\AndroidManifest.xml:10:5-31:19
>>>>>>> 4bf882b5276888cd27805ea9db65f9e7ff8c0b1c
20        android:allowBackup="true"
20-->src\main\AndroidManifest.xml:12:9-35
21        android:appComponentFactory="androidx.core.app.CoreComponentFactory"
21-->[androidx.core:core:1.0.1] AndroidManifest.xml:22:18-86
22        android:debuggable="true"
23        android:hardwareAccelerated="true"
23-->src\main\AndroidManifest.xml:11:9-43
24        android:icon="@mipmap/ic_launcher"
24-->src\main\AndroidManifest.xml:13:9-43
25        android:label="@string/app_name"
25-->src\main\AndroidManifest.xml:14:9-41
26        android:networkSecurityConfig="@xml/network_security_config"
<<<<<<< HEAD
26-->src/main/AndroidManifest.xml:17:9-69
27        android:roundIcon="@mipmap/chatapp"
27-->src/main/AndroidManifest.xml:15:9-44
28        android:supportsRtl="true"
28-->src/main/AndroidManifest.xml:16:9-35
29        android:testOnly="true"
30        android:theme="@style/AppTheme" >
30-->src/main/AndroidManifest.xml:18:9-40
31        <activity android:name="com.example.appchat.MainActivity" >
31-->src/main/AndroidManifest.xml:19:9-25:20
31-->src/main/AndroidManifest.xml:19:19-47
32            <intent-filter>
32-->src/main/AndroidManifest.xml:20:13-24:29
33                <action android:name="android.intent.action.MAIN" />
33-->src/main/AndroidManifest.xml:21:17-69
33-->src/main/AndroidManifest.xml:21:25-66
34
35                <category android:name="android.intent.category.LAUNCHER" />
35-->src/main/AndroidManifest.xml:23:17-77
35-->src/main/AndroidManifest.xml:23:27-74
36            </intent-filter>
37        </activity>
38        <activity android:name="com.example.appchat.ui.chat.Chat" />
38-->src/main/AndroidManifest.xml:26:9-49
38-->src/main/AndroidManifest.xml:26:19-47
39        <activity android:name="com.example.appchat.ui.gallery.ImageGalleryActivity" />
39-->src/main/AndroidManifest.xml:27:9-68
39-->src/main/AndroidManifest.xml:27:19-66
40        <activity android:name="com.example.appchat.ui.chat.ShowImageFrag" />
40-->src/main/AndroidManifest.xml:28:9-58
40-->src/main/AndroidManifest.xml:28:19-56
41        <activity android:name="com.example.appchat.ui.setting.user.ManagerUserProfileFrag" />
41-->src/main/AndroidManifest.xml:29:9-75
41-->src/main/AndroidManifest.xml:29:19-73
42        <activity android:name="com.example.appchat.ui.setting.friends.SettingFriendActivity" />
42-->src/main/AndroidManifest.xml:30:9-77
42-->src/main/AndroidManifest.xml:30:19-75
43        <activity android:name="com.example.appchat.ui.logout.ActivityLogout" />
43-->src/main/AndroidManifest.xml:31:9-61
43-->src/main/AndroidManifest.xml:31:19-59
44        <!--
45             FirebaseMessagingService performs security checks at runtime,
46             but set to not exported to explicitly avoid allowing another app to call it.
47        -->
48        <service
48-->[com.google.firebase:firebase-messaging:19.0.1] AndroidManifest.xml:28:9-34:19
49            android:name="com.google.firebase.messaging.FirebaseMessagingService"
49-->[com.google.firebase:firebase-messaging:19.0.1] AndroidManifest.xml:29:13-82
50            android:exported="false" >
50-->[com.google.firebase:firebase-messaging:19.0.1] AndroidManifest.xml:30:13-37
51            <intent-filter android:priority="-500" >
51-->[com.google.firebase:firebase-messaging:19.0.1] AndroidManifest.xml:31:13-33:29
51-->[com.google.firebase:firebase-messaging:19.0.1] AndroidManifest.xml:31:28-51
52                <action android:name="com.google.firebase.MESSAGING_EVENT" />
52-->[com.google.firebase:firebase-messaging:19.0.1] AndroidManifest.xml:32:17-78
52-->[com.google.firebase:firebase-messaging:19.0.1] AndroidManifest.xml:32:25-75
53            </intent-filter>
54        </service>
55        <service
55-->[com.google.firebase:firebase-iid:19.0.1] AndroidManifest.xml:29:9-35:19
56            android:name="com.google.firebase.components.ComponentDiscoveryService"
56-->[com.google.firebase:firebase-iid:19.0.1] AndroidManifest.xml:30:13-84
57            android:exported="false" >
57-->[com.google.firebase:firebase-iid:19.0.1] AndroidManifest.xml:31:13-37
58            <meta-data
58-->[com.google.firebase:firebase-iid:19.0.1] AndroidManifest.xml:32:13-34:85
59                android:name="com.google.firebase.components:com.google.firebase.iid.Registrar"
59-->[com.google.firebase:firebase-iid:19.0.1] AndroidManifest.xml:33:17-96
60                android:value="com.google.firebase.components.ComponentRegistrar" />
60-->[com.google.firebase:firebase-iid:19.0.1] AndroidManifest.xml:34:17-82
61        </service>
62
63        <receiver
63-->[com.google.firebase:firebase-iid:19.0.1] AndroidManifest.xml:37:9-44:20
64            android:name="com.google.firebase.iid.FirebaseInstanceIdReceiver"
64-->[com.google.firebase:firebase-iid:19.0.1] AndroidManifest.xml:38:13-78
65            android:exported="true"
65-->[com.google.firebase:firebase-iid:19.0.1] AndroidManifest.xml:39:13-36
66            android:permission="com.google.android.c2dm.permission.SEND" >
66-->[com.google.firebase:firebase-iid:19.0.1] AndroidManifest.xml:40:13-73
67            <intent-filter>
67-->[com.google.firebase:firebase-iid:19.0.1] AndroidManifest.xml:41:13-43:29
68                <action android:name="com.google.android.c2dm.intent.RECEIVE" />
68-->[com.google.firebase:firebase-iid:19.0.1] AndroidManifest.xml:42:17-81
68-->[com.google.firebase:firebase-iid:19.0.1] AndroidManifest.xml:42:25-78
69            </intent-filter>
70        </receiver>
71
72        <provider
72-->[com.google.firebase:firebase-common:18.0.0] AndroidManifest.xml:12:9-16:39
73            android:name="com.google.firebase.provider.FirebaseInitProvider"
73-->[com.google.firebase:firebase-common:18.0.0] AndroidManifest.xml:13:13-77
74            android:authorities="com.example.appchat.firebaseinitprovider"
74-->[com.google.firebase:firebase-common:18.0.0] AndroidManifest.xml:14:13-72
75            android:exported="false"
75-->[com.google.firebase:firebase-common:18.0.0] AndroidManifest.xml:15:13-37
76            android:initOrder="100" />
76-->[com.google.firebase:firebase-common:18.0.0] AndroidManifest.xml:16:13-36
77
78        <activity
78-->[com.google.android.gms:play-services-base:17.0.0] AndroidManifest.xml:23:9-26:75
79            android:name="com.google.android.gms.common.api.GoogleApiActivity"
79-->[com.google.android.gms:play-services-base:17.0.0] AndroidManifest.xml:24:13-79
80            android:exported="false"
80-->[com.google.android.gms:play-services-base:17.0.0] AndroidManifest.xml:25:13-37
81            android:theme="@android:style/Theme.Translucent.NoTitleBar" />
81-->[com.google.android.gms:play-services-base:17.0.0] AndroidManifest.xml:26:13-72
82
83        <meta-data
83-->[com.google.android.gms:play-services-basement:17.0.0] AndroidManifest.xml:23:9-25:69
84            android:name="com.google.android.gms.version"
84-->[com.google.android.gms:play-services-basement:17.0.0] AndroidManifest.xml:24:13-58
85            android:value="@integer/google_play_services_version" />
85-->[com.google.android.gms:play-services-basement:17.0.0] AndroidManifest.xml:25:13-66
86    </application>
87
88</manifest>
=======
26-->src\main\AndroidManifest.xml:17:9-69
27        android:roundIcon="@mipmap/ic_launcher_round"
27-->src\main\AndroidManifest.xml:15:9-54
28        android:supportsRtl="true"
28-->src\main\AndroidManifest.xml:16:9-35
29        android:theme="@style/AppTheme" >
29-->src\main\AndroidManifest.xml:18:9-40
30        <activity android:name="com.example.appchat.MainActivity" >
30-->src\main\AndroidManifest.xml:19:9-25:20
30-->src\main\AndroidManifest.xml:19:19-47
31            <intent-filter>
31-->src\main\AndroidManifest.xml:20:13-24:29
32                <action android:name="android.intent.action.MAIN" />
32-->src\main\AndroidManifest.xml:21:17-69
32-->src\main\AndroidManifest.xml:21:25-66
33
34                <category android:name="android.intent.category.LAUNCHER" />
34-->src\main\AndroidManifest.xml:23:17-77
34-->src\main\AndroidManifest.xml:23:27-74
35            </intent-filter>
36        </activity>
37        <activity android:name="com.example.appchat.ui.chat.Chat" />
37-->src\main\AndroidManifest.xml:26:9-49
37-->src\main\AndroidManifest.xml:26:19-47
38        <activity android:name="com.example.appchat.ui.gallery.ImageGalleryActivity" />
38-->src\main\AndroidManifest.xml:27:9-68
38-->src\main\AndroidManifest.xml:27:19-66
39        <activity android:name="com.example.appchat.ui.chat.ShowImageFrag" />
39-->src\main\AndroidManifest.xml:28:9-58
39-->src\main\AndroidManifest.xml:28:19-56
40        <activity android:name="com.example.appchat.ui.setting.user.ManagerUserProfileFrag" />
40-->src\main\AndroidManifest.xml:29:9-75
40-->src\main\AndroidManifest.xml:29:19-73
41        <activity android:name="com.example.appchat.ui.setting.friends.SettingFriendActivity" />
41-->src\main\AndroidManifest.xml:30:9-77
41-->src\main\AndroidManifest.xml:30:19-75
42        <!--
43             FirebaseMessagingService performs security checks at runtime,
44             but set to not exported to explicitly avoid allowing another app to call it.
45        -->
46        <service
46-->[com.google.firebase:firebase-messaging:19.0.1] AndroidManifest.xml:28:9-34:19
47            android:name="com.google.firebase.messaging.FirebaseMessagingService"
47-->[com.google.firebase:firebase-messaging:19.0.1] AndroidManifest.xml:29:13-82
48            android:exported="false" >
48-->[com.google.firebase:firebase-messaging:19.0.1] AndroidManifest.xml:30:13-37
49            <intent-filter android:priority="-500" >
49-->[com.google.firebase:firebase-messaging:19.0.1] AndroidManifest.xml:31:13-33:29
49-->[com.google.firebase:firebase-messaging:19.0.1] AndroidManifest.xml:31:28-51
50                <action android:name="com.google.firebase.MESSAGING_EVENT" />
50-->[com.google.firebase:firebase-messaging:19.0.1] AndroidManifest.xml:32:17-78
50-->[com.google.firebase:firebase-messaging:19.0.1] AndroidManifest.xml:32:25-75
51            </intent-filter>
52        </service>
53        <service
53-->[com.google.firebase:firebase-iid:19.0.1] AndroidManifest.xml:29:9-35:19
54            android:name="com.google.firebase.components.ComponentDiscoveryService"
54-->[com.google.firebase:firebase-iid:19.0.1] AndroidManifest.xml:30:13-84
55            android:exported="false" >
55-->[com.google.firebase:firebase-iid:19.0.1] AndroidManifest.xml:31:13-37
56            <meta-data
56-->[com.google.firebase:firebase-iid:19.0.1] AndroidManifest.xml:32:13-34:85
57                android:name="com.google.firebase.components:com.google.firebase.iid.Registrar"
57-->[com.google.firebase:firebase-iid:19.0.1] AndroidManifest.xml:33:17-96
58                android:value="com.google.firebase.components.ComponentRegistrar" />
58-->[com.google.firebase:firebase-iid:19.0.1] AndroidManifest.xml:34:17-82
59        </service>
60
61        <receiver
61-->[com.google.firebase:firebase-iid:19.0.1] AndroidManifest.xml:37:9-44:20
62            android:name="com.google.firebase.iid.FirebaseInstanceIdReceiver"
62-->[com.google.firebase:firebase-iid:19.0.1] AndroidManifest.xml:38:13-78
63            android:exported="true"
63-->[com.google.firebase:firebase-iid:19.0.1] AndroidManifest.xml:39:13-36
64            android:permission="com.google.android.c2dm.permission.SEND" >
64-->[com.google.firebase:firebase-iid:19.0.1] AndroidManifest.xml:40:13-73
65            <intent-filter>
65-->[com.google.firebase:firebase-iid:19.0.1] AndroidManifest.xml:41:13-43:29
66                <action android:name="com.google.android.c2dm.intent.RECEIVE" />
66-->[com.google.firebase:firebase-iid:19.0.1] AndroidManifest.xml:42:17-81
66-->[com.google.firebase:firebase-iid:19.0.1] AndroidManifest.xml:42:25-78
67            </intent-filter>
68        </receiver>
69
70        <provider
70-->[com.google.firebase:firebase-common:18.0.0] AndroidManifest.xml:12:9-16:39
71            android:name="com.google.firebase.provider.FirebaseInitProvider"
71-->[com.google.firebase:firebase-common:18.0.0] AndroidManifest.xml:13:13-77
72            android:authorities="com.example.appchat.firebaseinitprovider"
72-->[com.google.firebase:firebase-common:18.0.0] AndroidManifest.xml:14:13-72
73            android:exported="false"
73-->[com.google.firebase:firebase-common:18.0.0] AndroidManifest.xml:15:13-37
74            android:initOrder="100" />
74-->[com.google.firebase:firebase-common:18.0.0] AndroidManifest.xml:16:13-36
75
76        <activity
76-->[com.google.android.gms:play-services-base:17.0.0] AndroidManifest.xml:23:9-26:75
77            android:name="com.google.android.gms.common.api.GoogleApiActivity"
77-->[com.google.android.gms:play-services-base:17.0.0] AndroidManifest.xml:24:13-79
78            android:exported="false"
78-->[com.google.android.gms:play-services-base:17.0.0] AndroidManifest.xml:25:13-37
79            android:theme="@android:style/Theme.Translucent.NoTitleBar" />
79-->[com.google.android.gms:play-services-base:17.0.0] AndroidManifest.xml:26:13-72
80
81        <meta-data
81-->[com.google.android.gms:play-services-basement:17.0.0] AndroidManifest.xml:23:9-25:69
82            android:name="com.google.android.gms.version"
82-->[com.google.android.gms:play-services-basement:17.0.0] AndroidManifest.xml:24:13-58
83            android:value="@integer/google_play_services_version" />
83-->[com.google.android.gms:play-services-basement:17.0.0] AndroidManifest.xml:25:13-66
84    </application>
85
86</manifest>
>>>>>>> 4bf882b5276888cd27805ea9db65f9e7ff8c0b1c